{
  "RSpec": {
    "coverage": {
      "/Users/evandavis/Desktop/whether_sweater/app/facades/books_search_facade.rb": {
        "lines": [
          1,
          1,
          1,
          1,
          null,
          1,
          0,
          null,
          0,
          null,
          null,
          1,
          null,
          null,
          1,
          null,
          1,
          null,
          0,
          0,
          null,
          null,
          null
        ]
      },
      "/Users/evandavis/Desktop/whether_sweater/app/facades/forecast_facade.rb": {
        "lines": [
          1,
          1,
          2,
          null,
          1,
          null,
          0,
          0,
          null,
          1,
          null,
          null
        ]
      },
      "/Users/evandavis/Desktop/whether_sweater/app/facades/road_trip_facade.rb": {
        "lines": [
          1,
          1,
          4,
          null,
          null,
          4,
          3,
          3,
          null,
          1,
          1,
          1,
          null,
          1,
          1,
          null,
          null,
          null,
          1,
          3,
          3,
          null,
          5,
          null,
          3,
          null,
          0,
          null,
          null
        ]
      },
      "/Users/evandavis/Desktop/whether_sweater/app/services/geocoding_service.rb": {
        "lines": [
          1,
          1,
          5,
          2,
          2,
          null,
          null,
          4,
          null,
          4,
          null,
          2,
          null,
          null,
          null,
          2,
          null,
          null,
          1,
          1,
          null,
          null
        ]
      },
      "/Users/evandavis/Desktop/whether_sweater/app/services/weather_service.rb": {
        "lines": [
          1,
          1,
          4,
          2,
          2,
          2,
          2,
          null,
          null,
          3,
          null,
          1,
          1,
          null,
          null
        ]
      },
      "/Users/evandavis/Desktop/whether_sweater/app/services/book_search_service.rb": {
        "lines": [
          1,
          1,
          null,
          1,
          3,
          3,
          null,
          null,
          1,
          3,
          2,
          2,
          2,
          null,
          5,
          null,
          null,
          null,
          null,
          2,
          null,
          1,
          1,
          null,
          null
        ]
      },
      "/Users/evandavis/Desktop/whether_sweater/app/services/directions_service.rb": {
        "lines": [
          1,
          1,
          4,
          2,
          2,
          2,
          null,
          null,
          3,
          null,
          null,
          3,
          null,
          null,
          3,
          3,
          3,
          3,
          null,
          null,
          0,
          null,
          0,
          0,
          0,
          null,
          0,
          0,
          null,
          null,
          1,
          1,
          null,
          null
        ]
      },
      "/Users/evandavis/Desktop/whether_sweater/app/services/user_authentication_service.rb": {
        "lines": [
          1,
          1,
          null,
          1,
          2,
          null,
          null,
          1,
          2,
          2,
          2,
          null,
          null,
          1,
          2,
          1,
          null,
          1,
          1,
          null,
          null,
          null,
          1,
          2,
          null,
          null,
          1,
          null,
          1,
          2,
          null,
          null
        ]
      },
      "/Users/evandavis/Desktop/whether_sweater/app/poros/book_search.rb": {
        "lines": [
          1,
          1,
          null,
          1,
          3,
          3,
          3,
          3,
          3,
          null,
          null,
          1,
          3,
          null,
          null,
          1,
          1,
          null,
          null,
          1,
          null,
          1,
          null,
          3,
          null,
          null,
          null,
          null
        ]
      },
      "/Users/evandavis/Desktop/whether_sweater/app/poros/road_trip.rb": {
        "lines": [
          1,
          1,
          null,
          1,
          4,
          4,
          4,
          4,
          null,
          null
        ]
      },
      "/Users/evandavis/Desktop/whether_sweater/app/controllers/api/v1/books_search_controller.rb": {
        "lines": [
          1,
          1,
          2,
          2,
          null,
          2,
          0,
          0,
          null,
          null,
          2,
          null,
          2,
          0,
          null,
          2,
          null,
          null,
          null
        ]
      },
      "/Users/evandavis/Desktop/whether_sweater/app/controllers/application_controller.rb": {
        "lines": [
          1,
          null
        ]
      },
      "/Users/evandavis/Desktop/whether_sweater/app/serializers/book_search_serializer.rb": {
        "lines": [
          1,
          1,
          2,
          null,
          null,
          1,
          null,
          2,
          null,
          null,
          null,
          null,
          null,
          null,
          null,
          null,
          null,
          null,
          null,
          null
        ]
      },
      "/Users/evandavis/Desktop/whether_sweater/app/poros/forecast.rb": {
        "lines": [
          1,
          1,
          null,
          1,
          1,
          1,
          1,
          null,
          null,
          1,
          null,
          1,
          null,
          1,
          null,
          null,
          null,
          null,
          null,
          null,
          null,
          null,
          null,
          null,
          1,
          1,
          null,
          1,
          null,
          null,
          null,
          null,
          null,
          null,
          null,
          null,
          null,
          null,
          1,
          1,
          null,
          1,
          null,
          null,
          null,
          null,
          null,
          null,
          null
        ]
      },
      "/Users/evandavis/Desktop/whether_sweater/app/controllers/api/v1/forecasts_controller.rb": {
        "lines": [
          1,
          1,
          2,
          null,
          2,
          1,
          null,
          1,
          null,
          null,
          null
        ]
      },
      "/Users/evandavis/Desktop/whether_sweater/app/serializers/forecast_serializer.rb": {
        "lines": [
          1,
          1,
          null,
          1,
          1,
          null,
          1,
          null,
          1,
          1,
          null,
          null,
          1,
          null,
          1,
          null,
          null,
          null,
          null,
          null,
          null,
          null,
          null,
          null,
          null,
          null
        ]
      },
      "/Users/evandavis/Desktop/whether_sweater/app/controllers/api/v1/road_trips_controller.rb": {
        "lines": [
          1,
          1,
          null,
          1,
          2,
          null,
          2,
          null,
          null,
          1,
          null,
          1,
          0,
          null,
          0,
          0,
          null,
          null,
          null
        ]
      },
      "/Users/evandavis/Desktop/whether_sweater/app/serializers/road_trip_serializer.rb": {
        "lines": [
          1,
          1,
          null,
          1,
          1,
          null,
          1,
          null,
          1,
          2,
          null,
          null,
          1,
          null,
          2,
          null,
          null,
          null,
          null,
          null,
          null,
          null,
          null,
          null,
          null,
          null,
          null
        ]
      },
      "/Users/evandavis/Desktop/whether_sweater/app/models/user.rb": {
        "lines": [
          1,
          1,
          null,
          1,
          1,
          1,
          null,
          1,
          null,
          1,
          null,
          1,
          4,
          null,
          null
        ]
      },
      "/Users/evandavis/Desktop/whether_sweater/app/models/application_record.rb": {
        "lines": [
          1,
          1,
          null
        ]
      },
      "/Users/evandavis/Desktop/whether_sweater/app/controllers/api/v1/sessions_controller.rb": {
        "lines": [
          1,
          1,
          2,
          null,
          2,
          1,
          null,
          1,
          null,
          null,
          null
        ]
      },
      "/Users/evandavis/Desktop/whether_sweater/app/serializers/user_serializer.rb": {
        "lines": [
          1,
          1,
          null,
          1,
          1,
          null,
          1,
          2,
          null,
          null,
          1,
          null,
          2,
          null,
          null,
          null,
          null,
          null,
          null,
          null,
          null,
          null,
          null
        ]
      },
      "/Users/evandavis/Desktop/whether_sweater/app/controllers/api/v1/users_controller.rb": {
        "lines": [
          1,
          1,
          2,
          2,
          null,
          2,
          1,
          null,
          1,
          null,
          null,
          null,
          1,
          1,
          2,
          null,
          null
        ]
      }
    },
    "timestamp": 1727271012
  }
}
